<?xml version="1.0" encoding="UTF-8"?>
<!-- Generated by org.testng.reporters.JUnitXMLReporter -->
<testsuite ignored="2" hostname="DESKTOP-NIH3UFP" failures="0" tests="2" name="Test" time="70.903" errors="0" timestamp="2023-04-11T18:33:42 IST">
  <testcase classname="menuModule.AddMenuTest" name="addmenuModule" time="4.78"/>
  <testcase classname="menuModule.EditMenuTest" name="editMenu" time="14.844"/>
  <testcase classname="com.GenericUtilities.BaseClass2" name="@BeforeSuite configBS" time="0.0">
    <ignored/>
  </testcase> <!-- @BeforeSuite configBS -->
  <testcase classname="com.GenericUtilities.BaseClass2" name="@AfterSuite configAS" time="0.0">
    <ignored/>
  </testcase> <!-- @AfterSuite configAS -->
</testsuite> <!-- Test -->
