<?xml version="1.0" encoding="UTF-8"?>
<testng-results ignored="2" total="4" passed="2" failed="0" skipped="0">
  <reporter-output>
  </reporter-output>
  <suite started-at="2023-04-11T18:32:31 IST" name="Suite" finished-at="2023-04-11T18:33:42 IST" duration-ms="70903">
    <groups>
    </groups>
    <test started-at="2023-04-11T18:32:31 IST" name="Test" finished-at="2023-04-11T18:33:42 IST" duration-ms="70903">
      <class name="menuModule.EditMenuTest">
        <test-method is-config="true" signature="configBc()[pri:0, instance:menuModule.EditMenuTest@74751b3]" started-at="2023-04-11T18:32:31 IST" name="configBc" finished-at="2023-04-11T18:33:25 IST" duration-ms="53891" status="PASS">
          <reporter-output>
          </reporter-output>
        </test-method> <!-- configBc -->
        <test-method is-config="true" signature="configBM()[pri:0, instance:menuModule.EditMenuTest@74751b3]" started-at="2023-04-11T18:33:25 IST" name="configBM" finished-at="2023-04-11T18:33:25 IST" duration-ms="450" status="PASS">
          <reporter-output>
          </reporter-output>
        </test-method> <!-- configBM -->
        <test-method signature="editMenu()[pri:0, instance:menuModule.EditMenuTest@74751b3]" started-at="2023-04-11T18:33:25 IST" name="editMenu" finished-at="2023-04-11T18:33:40 IST" duration-ms="14844" status="PASS">
          <reporter-output>
          </reporter-output>
        </test-method> <!-- editMenu -->
        <test-method is-config="true" signature="configAM()[pri:0, instance:menuModule.EditMenuTest@74751b3]" started-at="2023-04-11T18:33:40 IST" name="configAM" finished-at="2023-04-11T18:33:41 IST" duration-ms="808" status="PASS">
          <reporter-output>
          </reporter-output>
        </test-method> <!-- configAM -->
        <test-method is-config="true" signature="configAC()[pri:0, instance:menuModule.EditMenuTest@74751b3]" started-at="2023-04-11T18:33:41 IST" name="configAC" finished-at="2023-04-11T18:33:42 IST" duration-ms="873" status="PASS">
          <reporter-output>
          </reporter-output>
        </test-method> <!-- configAC -->
      </class> <!-- menuModule.EditMenuTest -->
      <class name="menuModule.AddMenuTest">
        <test-method is-config="true" signature="configBS()[pri:0, instance:menuModule.AddMenuTest@5d7148e2]" started-at="2023-04-11T18:32:30 IST" name="configBS" finished-at="2023-04-11T18:32:31 IST" duration-ms="844" status="PASS">
          <reporter-output>
          </reporter-output>
        </test-method> <!-- configBS -->
        <test-method is-config="true" signature="configBc()[pri:0, instance:menuModule.AddMenuTest@5d7148e2]" started-at="2023-04-11T18:32:31 IST" name="configBc" finished-at="2023-04-11T18:33:23 IST" duration-ms="51821" status="PASS">
          <reporter-output>
          </reporter-output>
        </test-method> <!-- configBc -->
        <test-method is-config="true" signature="configBM()[pri:0, instance:menuModule.AddMenuTest@5d7148e2]" started-at="2023-04-11T18:33:23 IST" name="configBM" finished-at="2023-04-11T18:33:23 IST" duration-ms="379" status="PASS">
          <reporter-output>
          </reporter-output>
        </test-method> <!-- configBM -->
        <test-method signature="addmenuModule()[pri:0, instance:menuModule.AddMenuTest@5d7148e2]" started-at="2023-04-11T18:33:23 IST" name="addmenuModule" finished-at="2023-04-11T18:33:28 IST" duration-ms="4780" status="PASS">
          <reporter-output>
          </reporter-output>
        </test-method> <!-- addmenuModule -->
        <test-method is-config="true" signature="configAM()[pri:0, instance:menuModule.AddMenuTest@5d7148e2]" started-at="2023-04-11T18:33:28 IST" name="configAM" finished-at="2023-04-11T18:33:29 IST" duration-ms="722" status="PASS">
          <reporter-output>
          </reporter-output>
        </test-method> <!-- configAM -->
        <test-method is-config="true" signature="configAC()[pri:0, instance:menuModule.AddMenuTest@5d7148e2]" started-at="2023-04-11T18:33:29 IST" name="configAC" finished-at="2023-04-11T18:33:29 IST" duration-ms="834" status="PASS">
          <reporter-output>
          </reporter-output>
        </test-method> <!-- configAC -->
        <test-method is-config="true" signature="configAS()[pri:0, instance:menuModule.AddMenuTest@5d7148e2]" started-at="2023-04-11T18:33:42 IST" name="configAS" finished-at="2023-04-11T18:33:42 IST" duration-ms="23" status="PASS">
          <reporter-output>
          </reporter-output>
        </test-method> <!-- configAS -->
      </class> <!-- menuModule.AddMenuTest -->
    </test> <!-- Test -->
  </suite> <!-- Suite -->
</testng-results>
